build/outputs/logs/manifest-merger-debug-report.txt
-- Merging decision tree log ---
manifest
ADDED from TGStreamDemo_MindWaveMobile-master\AndroidManifest.xml:2:1-39:12
	package
		ADDED from TGStreamDemo_MindWaveMobile-master\AndroidManifest.xml:3:5-46
	android:versionName
		ADDED from TGStreamDemo_MindWaveMobile-master\AndroidManifest.xml:5:5-30
		INJECTED from TGStreamDemo_MindWaveMobile-master\AndroidManifest.xml
		INJECTED from TGStreamDemo_MindWaveMobile-master\AndroidManifest.xml
	android:versionCode
		ADDED from TGStreamDemo_MindWaveMobile-master\AndroidManifest.xml:4:5-28
		INJECTED from TGStreamDemo_MindWaveMobile-master\AndroidManifest.xml
		INJECTED from TGStreamDemo_MindWaveMobile-master\AndroidManifest.xml
	xmlns:android
		ADDED from TGStreamDemo_MindWaveMobile-master\AndroidManifest.xml:2:11-69
uses-sdk
ADDED from TGStreamDemo_MindWaveMobile-master\AndroidManifest.xml:7:5-9:41
	android:targetSdkVersion
		ADDED from TGStreamDemo_MindWaveMobile-master\AndroidManifest.xml:9:9-38
	android:minSdkVersion
		ADDED from TGStreamDemo_MindWaveMobile-master\AndroidManifest.xml:8:9-34
uses-permission#android.permission.BLUETOOTH
ADDED from TGStreamDemo_MindWaveMobile-master\AndroidManifest.xml:10:2-65
	android:name
		ADDED from TGStreamDemo_MindWaveMobile-master\AndroidManifest.xml:10:19-62
uses-permission#android.permission.BLUETOOTH_ADMIN
ADDED from TGStreamDemo_MindWaveMobile-master\AndroidManifest.xml:11:2-71
	android:name
		ADDED from TGStreamDemo_MindWaveMobile-master\AndroidManifest.xml:11:19-68
uses-permission#android.permission.WRITE_EXTERNAL_STORAGE
ADDED from TGStreamDemo_MindWaveMobile-master\AndroidManifest.xml:12:2-77
	android:name
		ADDED from TGStreamDemo_MindWaveMobile-master\AndroidManifest.xml:12:19-75
uses-permission#android.permission.MOUNT_FORMAT_FILESYSTEMS
ADDED from TGStreamDemo_MindWaveMobile-master\AndroidManifest.xml:13:2-79
	android:name
		ADDED from TGStreamDemo_MindWaveMobile-master\AndroidManifest.xml:13:19-77
application
ADDED from TGStreamDemo_MindWaveMobile-master\AndroidManifest.xml:14:5-37:19
	android:label
		ADDED from TGStreamDemo_MindWaveMobile-master\AndroidManifest.xml:17:9-41
	android:allowBackup
		ADDED from TGStreamDemo_MindWaveMobile-master\AndroidManifest.xml:15:9-35
	android:icon
		ADDED from TGStreamDemo_MindWaveMobile-master\AndroidManifest.xml:16:9-45
	android:theme
		ADDED from TGStreamDemo_MindWaveMobile-master\AndroidManifest.xml:18:9-40
activity#com.neurosky.mindwavemobiledemo.DemoActivity
ADDED from TGStreamDemo_MindWaveMobile-master\AndroidManifest.xml:19:9-28:20
	android:screenOrientation
		ADDED from TGStreamDemo_MindWaveMobile-master\AndroidManifest.xml:21:13-49
	android:label
		ADDED from TGStreamDemo_MindWaveMobile-master\AndroidManifest.xml:22:13-45
	android:name
		ADDED from TGStreamDemo_MindWaveMobile-master\AndroidManifest.xml:20:13-72
intent-filter#android.intent.action.MAIN+android.intent.category.LAUNCHER
ADDED from TGStreamDemo_MindWaveMobile-master\AndroidManifest.xml:23:13-27:29
action#android.intent.action.MAIN
ADDED from TGStreamDemo_MindWaveMobile-master\AndroidManifest.xml:24:17-69
	android:name
		ADDED from TGStreamDemo_MindWaveMobile-master\AndroidManifest.xml:24:25-66
category#android.intent.category.LAUNCHER
ADDED from TGStreamDemo_MindWaveMobile-master\AndroidManifest.xml:26:17-77
	android:name
		ADDED from TGStreamDemo_MindWaveMobile-master\AndroidManifest.xml:26:27-74
activity#com.neurosky.mindwavemobiledemo.BluetoothAdapterDemoActivity
ADDED from TGStreamDemo_MindWaveMobile-master\AndroidManifest.xml:29:9-30:52
	android:screenOrientation
		ADDED from TGStreamDemo_MindWaveMobile-master\AndroidManifest.xml:30:13-50
	android:name
		ADDED from TGStreamDemo_MindWaveMobile-master\AndroidManifest.xml:29:19-94
activity#com.neurosky.mindwavemobiledemo.BluetoothDeviceDemoActivity
ADDED from TGStreamDemo_MindWaveMobile-master\AndroidManifest.xml:31:10-32:53
	android:screenOrientation
		ADDED from TGStreamDemo_MindWaveMobile-master\AndroidManifest.xml:32:14-51
	android:name
		ADDED from TGStreamDemo_MindWaveMobile-master\AndroidManifest.xml:31:20-94
activity#com.neurosky.mindwavemobiledemo.FileDemoActivity
ADDED from TGStreamDemo_MindWaveMobile-master\AndroidManifest.xml:33:11-34:54
	android:screenOrientation
		ADDED from TGStreamDemo_MindWaveMobile-master\AndroidManifest.xml:34:15-52
	android:name
		ADDED from TGStreamDemo_MindWaveMobile-master\AndroidManifest.xml:33:21-84
activity#com.neurosky.mindwavemobiledemo.UARTDemoActivity
ADDED from TGStreamDemo_MindWaveMobile-master\AndroidManifest.xml:35:11-36:54
	android:screenOrientation
		ADDED from TGStreamDemo_MindWaveMobile-master\AndroidManifest.xml:36:15-52
	android:name
		ADDED from TGStreamDemo_MindWaveMobile-master\AndroidManifest.xml:35:21-84